2021-02-02 13:38:32,245 - elsapy.elsclient - INFO - Module loaded.
2021-02-02 13:39:48,026 - elsapy.elsclient - INFO - Module loaded.
2021-02-02 13:39:50,201 - elsapy.elsentity - INFO - Module loaded.
2021-02-02 13:39:50,210 - elsapy.utils - INFO - Module loaded.
2021-02-02 13:39:50,215 - elsapy.elsprofile - INFO - Module loaded.
2021-02-02 13:39:50,281 - elsapy.elsdoc - INFO - Module loaded.
2021-02-02 13:39:50,321 - elsapy.elssearch - INFO - Module loaded.
2021-02-02 13:39:50,321 - elsapy.elsclient - INFO - Sending GET request to https://api.elsevier.com/content/author/author_id/7004367821
2021-02-02 13:39:51,251 - elsapy.elsentity - WARNING - HTTP 401 Error from https://api.elsevier.com/content/author/author_id/7004367821
and using headers {'X-ELS-APIKey': 'd69e0b2236520c97641f9376d2f9f8b5', 'User-Agent': 'elsapy-v0.5.0', 'Accept': 'application/json'}:
{"service-error":{"status":{"statusCode":"AUTHORIZATION_ERROR","statusText":"The requestor is not authorized to access the requested view or fields of the resource"}}}
2021-02-02 13:39:52,271 - elsapy.elsclient - INFO - Sending GET request to https://api.elsevier.com/content/affiliation/affiliation_id/60101411
2021-02-02 13:39:52,811 - elsapy.elsentity - WARNING - HTTP 401 Error from https://api.elsevier.com/content/affiliation/affiliation_id/60101411
and using headers {'X-ELS-APIKey': 'd69e0b2236520c97641f9376d2f9f8b5', 'User-Agent': 'elsapy-v0.5.0', 'Accept': 'application/json'}:
{"service-error":{"status":{"statusCode":"AUTHORIZATION_ERROR","statusText":"The requestor is not authorized to access the requested view or fields of the resource"}}}
2021-02-02 13:39:53,831 - elsapy.elsclient - INFO - Sending GET request to https://api.elsevier.com/content/abstract/scopus_id/84872135457
2021-02-02 13:39:55,421 - elsapy.elsentity - INFO - Data loaded for https://api.elsevier.com/content/abstract/scopus_id/84872135457
2021-02-02 13:39:55,421 - elsapy.elsentity - INFO - Wrote https://api.elsevier.com/content/abstract/scopus_id/84872135457 to file
2021-02-02 13:39:56,431 - elsapy.elsclient - INFO - Sending GET request to https://api.elsevier.com/content/article/pii/S1674927814000082
2021-02-02 13:39:57,680 - elsapy.elsentity - INFO - Data loaded for https://api.elsevier.com/content/article/pii/S1674927814000082
2021-02-02 13:39:57,680 - elsapy.elsentity - INFO - Wrote https://api.elsevier.com/content/article/pii/S1674927814000082 to file
2021-02-02 13:39:58,690 - elsapy.elsclient - INFO - Sending GET request to https://api.elsevier.com/content/article/doi/10.1016/S1525-1578(10)60571-5
2021-02-02 13:39:59,980 - elsapy.elsentity - INFO - Data loaded for https://api.elsevier.com/content/article/doi/10.1016/S1525-1578(10)60571-5
2021-02-02 13:39:59,980 - elsapy.elsentity - INFO - Wrote https://api.elsevier.com/content/article/doi/10.1016/S1525-1578(10)60571-5 to file
2021-02-02 13:40:29,039 - elsapy.elsclient - INFO - Sending GET request to https://api.elsevier.com/content/author/author_id/7004367821?view=documents
2021-02-02 13:40:30,079 - elsapy.elsprofile - WARNING - ('HTTP 400 Error from https://api.elsevier.com/content/author/author_id/7004367821?view=documents\nand using headers {\'X-ELS-APIKey\': \'d69e0b2236520c97641f9376d2f9f8b5\', \'User-Agent\': \'elsapy-v0.5.0\', \'Accept\': \'application/json\'}:\n{"service-error":{"status":{"statusCode":"INVALID_INPUT","statusText":"View parameter entered is not valid for this service"}}}',)
2021-02-02 13:40:31,089 - elsapy.elsclient - INFO - Sending GET request to https://api.elsevier.com/content/affiliation/affiliation_id/60101411?view=documents
2021-02-02 13:40:32,519 - elsapy.elsprofile - WARNING - ('HTTP 400 Error from https://api.elsevier.com/content/affiliation/affiliation_id/60101411?view=documents\nand using headers {\'X-ELS-APIKey\': \'d69e0b2236520c97641f9376d2f9f8b5\', \'User-Agent\': \'elsapy-v0.5.0\', \'Accept\': \'application/json\'}:\n{"service-error":{"status":{"statusCode":"INVALID_INPUT","statusText":"View parameter entered is not valid for this service"}}}',)
2021-02-02 13:40:33,529 - elsapy.elsclient - INFO - Sending GET request to https://api.elsevier.com/content/search/author?query=authlast%28keuskamp%29
2021-02-02 13:46:20,922 - elsapy.elsclient - INFO - Module loaded.
2021-02-02 13:46:21,413 - elsapy.elsentity - INFO - Module loaded.
2021-02-02 13:46:21,413 - elsapy.utils - INFO - Module loaded.
2021-02-02 13:46:21,413 - elsapy.elsprofile - INFO - Module loaded.
2021-02-02 13:46:21,422 - elsapy.elsdoc - INFO - Module loaded.
2021-02-02 13:46:21,422 - elsapy.elssearch - INFO - Module loaded.
2021-02-02 13:46:21,933 - elsapy.elsclient - INFO - Sending GET request to https://api.elsevier.com/content/search/scidir?query=teste
2021-02-02 13:47:15,420 - elsapy.elsclient - INFO - Module loaded.
2021-02-02 13:47:15,930 - elsapy.elsentity - INFO - Module loaded.
2021-02-02 13:47:15,930 - elsapy.utils - INFO - Module loaded.
2021-02-02 13:47:15,930 - elsapy.elsprofile - INFO - Module loaded.
2021-02-02 13:47:15,930 - elsapy.elsdoc - INFO - Module loaded.
2021-02-02 13:47:15,930 - elsapy.elssearch - INFO - Module loaded.
2021-02-02 13:47:16,440 - elsapy.elsclient - INFO - Sending GET request to https://api.elsevier.com/content/search?query=teste
2021-02-02 13:47:17,995 - elsapy.elsentity - WARNING - HTTP 404 Error from https://api.elsevier.com/content/search?query=teste
and using headers {'X-ELS-APIKey': 'd69e0b2236520c97641f9376d2f9f8b5', 'User-Agent': 'elsapy-v0.5.0', 'Accept': 'application/json'}:
{"error-response":{"error-code":"RESOURCE_NOT_FOUND","error-message":"The requested resource does not exist."}}
2021-02-02 13:47:19,010 - elsapy.elsclient - INFO - Sending GET request to https://api.elsevier.com/content/affiliation/affiliation_id/60101411
2021-02-02 13:47:19,900 - elsapy.elsentity - WARNING - HTTP 401 Error from https://api.elsevier.com/content/affiliation/affiliation_id/60101411
and using headers {'X-ELS-APIKey': 'd69e0b2236520c97641f9376d2f9f8b5', 'User-Agent': 'elsapy-v0.5.0', 'Accept': 'application/json'}:
{"service-error":{"status":{"statusCode":"AUTHORIZATION_ERROR","statusText":"The requestor is not authorized to access the requested view or fields of the resource"}}}
2021-02-02 13:47:20,910 - elsapy.elsclient - INFO - Sending GET request to https://api.elsevier.com/content/abstract/scopus_id/84872135457
2021-02-02 13:47:21,910 - elsapy.elsentity - INFO - Data loaded for https://api.elsevier.com/content/abstract/scopus_id/84872135457
2021-02-02 13:47:21,910 - elsapy.elsentity - INFO - Wrote https://api.elsevier.com/content/abstract/scopus_id/84872135457 to file
2021-02-02 13:47:22,930 - elsapy.elsclient - INFO - Sending GET request to https://api.elsevier.com/content/article/pii/S1674927814000082
2021-02-02 13:47:24,860 - elsapy.elsentity - INFO - Data loaded for https://api.elsevier.com/content/article/pii/S1674927814000082
2021-02-02 13:47:24,870 - elsapy.elsentity - INFO - Wrote https://api.elsevier.com/content/article/pii/S1674927814000082 to file
2021-02-02 13:47:25,869 - elsapy.elsclient - INFO - Sending GET request to https://api.elsevier.com/content/article/doi/10.1016/S1525-1578(10)60571-5
2021-02-02 13:47:27,060 - elsapy.elsentity - INFO - Data loaded for https://api.elsevier.com/content/article/doi/10.1016/S1525-1578(10)60571-5
2021-02-02 13:47:27,060 - elsapy.elsentity - INFO - Wrote https://api.elsevier.com/content/article/doi/10.1016/S1525-1578(10)60571-5 to file
2021-02-02 13:47:37,249 - elsapy.elsclient - INFO - Sending GET request to https://api.elsevier.com/content/search/author?query=authlast%28keuskamp%29
2021-02-02 13:48:11,517 - elsapy.elsclient - INFO - Module loaded.
2021-02-02 13:48:11,997 - elsapy.elsentity - INFO - Module loaded.
2021-02-02 13:48:11,997 - elsapy.utils - INFO - Module loaded.
2021-02-02 13:48:11,997 - elsapy.elsprofile - INFO - Module loaded.
2021-02-02 13:48:11,997 - elsapy.elsdoc - INFO - Module loaded.
2021-02-02 13:48:11,997 - elsapy.elssearch - INFO - Module loaded.
2021-02-02 13:48:12,527 - elsapy.elsclient - INFO - Sending GET request to      http://api.elsevier.com/content/search/scopus?query=heart&count=100
2021-02-02 13:48:13,847 - elsapy.elsentity - WARNING - HTTP 400 Error from      http://api.elsevier.com/content/search/scopus?query=heart&count=100
and using headers {'X-ELS-APIKey': 'd69e0b2236520c97641f9376d2f9f8b5', 'User-Agent': 'elsapy-v0.5.0', 'Accept': 'application/json'}:
{"service-error":{"status":{"statusCode":"INVALID_INPUT","statusText":"Exceeds the maximum number allowed for the service level"}}}
2021-02-02 13:48:14,857 - elsapy.elsclient - INFO - Sending GET request to https://api.elsevier.com/content/affiliation/affiliation_id/60101411
2021-02-02 13:48:16,207 - elsapy.elsentity - WARNING - HTTP 401 Error from https://api.elsevier.com/content/affiliation/affiliation_id/60101411
and using headers {'X-ELS-APIKey': 'd69e0b2236520c97641f9376d2f9f8b5', 'User-Agent': 'elsapy-v0.5.0', 'Accept': 'application/json'}:
{"service-error":{"status":{"statusCode":"AUTHORIZATION_ERROR","statusText":"The requestor is not authorized to access the requested view or fields of the resource"}}}
2021-02-02 13:48:17,217 - elsapy.elsclient - INFO - Sending GET request to https://api.elsevier.com/content/abstract/scopus_id/84872135457
2021-02-02 13:48:18,237 - elsapy.elsentity - INFO - Data loaded for https://api.elsevier.com/content/abstract/scopus_id/84872135457
2021-02-02 13:48:18,237 - elsapy.elsentity - INFO - Wrote https://api.elsevier.com/content/abstract/scopus_id/84872135457 to file
2021-02-02 13:48:19,257 - elsapy.elsclient - INFO - Sending GET request to https://api.elsevier.com/content/article/pii/S1674927814000082
2021-02-02 13:48:20,357 - elsapy.elsentity - INFO - Data loaded for https://api.elsevier.com/content/article/pii/S1674927814000082
2021-02-02 13:48:20,367 - elsapy.elsentity - INFO - Wrote https://api.elsevier.com/content/article/pii/S1674927814000082 to file
2021-02-02 13:48:21,377 - elsapy.elsclient - INFO - Sending GET request to https://api.elsevier.com/content/article/doi/10.1016/S1525-1578(10)60571-5
2021-02-02 13:48:22,937 - elsapy.elsentity - INFO - Data loaded for https://api.elsevier.com/content/article/doi/10.1016/S1525-1578(10)60571-5
2021-02-02 13:48:22,937 - elsapy.elsentity - INFO - Wrote https://api.elsevier.com/content/article/doi/10.1016/S1525-1578(10)60571-5 to file
2021-02-02 13:48:26,107 - elsapy.elsclient - INFO - Sending GET request to https://api.elsevier.com/content/search/author?query=authlast%28keuskamp%29
